This file contains any messages produced by compilers while
running configure, to aid debugging if configure makes a mistake.

It was created by MadLib configure version-0.1, which was
generated by GNU Autoconf 2.69.  Invocation command line was

  $ ./configure 

## --------- ##
## Platform. ##
## --------- ##

hostname = malware
uname -m = x86_64
uname -r = 3.16.0-4-amd64
uname -s = Linux
uname -v = #1 SMP Debian 3.16.7-ckt11-1+deb8u5 (2015-10-09)

/usr/bin/uname -p = unknown
/bin/uname -X     = unknown

/bin/arch              = unknown
/usr/bin/arch -k       = unknown
/usr/convex/getsysinfo = unknown
/usr/bin/hostinfo      = unknown
/bin/machine           = unknown
/usr/bin/oslevel       = unknown
/bin/universe          = unknown

PATH: /usr/local/bin
PATH: /usr/bin
PATH: /bin
PATH: /usr/local/games
PATH: /usr/games
PATH: /home/madmouse/tools
PATH: /home/madmouse/tool/lib
PATH: /home/madmouse/tools/SemiTwistDTools/bin
PATH: /home/madmouse/tools/Goldie/bin


## ----------- ##
## Core tests. ##
## ----------- ##

configure:2255: checking for a BSD-compatible install
configure:2323: result: /usr/bin/install -c
configure:2334: checking whether build environment is sane
configure:2389: result: yes
configure:2540: checking for a thread-safe mkdir -p
configure:2579: result: /bin/mkdir -p
configure:2586: checking for gawk
configure:2616: result: no
configure:2586: checking for mawk
configure:2602: found /usr/bin/mawk
configure:2613: result: mawk
configure:2624: checking whether make sets $(MAKE)
configure:2646: result: yes
configure:2675: checking whether make supports nested variables
configure:2692: result: yes
configure:2849: checking build system type
configure:2863: result: x86_64-pc-linux-gnu
configure:2883: checking host system type
configure:2896: result: x86_64-pc-linux-gnu
configure:2937: checking how to print strings
configure:2964: result: printf
configure:2997: checking for style of include used by make
configure:3025: result: GNU
configure:3096: checking for gcc
configure:3112: found /usr/bin/gcc
configure:3123: result: gcc
configure:3352: checking for C compiler version
configure:3361: gcc --version >&5
gcc (Debian 4.9.2-10) 4.9.2
Copyright (C) 2014 Free Software Foundation, Inc.
This is free software; see the source for copying conditions.  There is NO
warranty; not even for MERCHANTABILITY or FITNESS FOR A PARTICULAR PURPOSE.

configure:3372: $? = 0
configure:3361: gcc -v >&5
Using built-in specs.
COLLECT_GCC=gcc
COLLECT_LTO_WRAPPER=/usr/lib/gcc/x86_64-linux-gnu/4.9/lto-wrapper
Target: x86_64-linux-gnu
Configured with: ../src/configure -v --with-pkgversion='Debian 4.9.2-10' --with-bugurl=file:///usr/share/doc/gcc-4.9/README.Bugs --enable-languages=c,c++,java,go,d,fortran,objc,obj-c++ --prefix=/usr --program-suffix=-4.9 --enable-shared --enable-linker-build-id --libexecdir=/usr/lib --without-included-gettext --enable-threads=posix --with-gxx-include-dir=/usr/include/c++/4.9 --libdir=/usr/lib --enable-nls --with-sysroot=/ --enable-clocale=gnu --enable-libstdcxx-debug --enable-libstdcxx-time=yes --enable-gnu-unique-object --disable-vtable-verify --enable-plugin --with-system-zlib --disable-browser-plugin --enable-java-awt=gtk --enable-gtk-cairo --with-java-home=/usr/lib/jvm/java-1.5.0-gcj-4.9-amd64/jre --enable-java-home --with-jvm-root-dir=/usr/lib/jvm/java-1.5.0-gcj-4.9-amd64 --with-jvm-jar-dir=/usr/lib/jvm-exports/java-1.5.0-gcj-4.9-amd64 --with-arch-directory=amd64 --with-ecj-jar=/usr/share/java/eclipse-ecj.jar --enable-objc-gc --enable-multiarch --with-arch-32=i586 --with-abi=m64 --with-multilib-list=m32,m64,mx32 --enable-multilib --with-tune=generic --enable-checking=release --build=x86_64-linux-gnu --host=x86_64-linux-gnu --target=x86_64-linux-gnu
Thread model: posix
gcc version 4.9.2 (Debian 4.9.2-10) 
configure:3372: $? = 0
configure:3361: gcc -V >&5
gcc: error: unrecognized command line option '-V'
gcc: fatal error: no input files
compilation terminated.
configure:3372: $? = 4
configure:3361: gcc -qversion >&5
gcc: error: unrecognized command line option '-qversion'
gcc: fatal error: no input files
compilation terminated.
configure:3372: $? = 4
configure:3392: checking whether the C compiler works
configure:3414: gcc    conftest.c  >&5
configure:3418: $? = 0
configure:3466: result: yes
configure:3469: checking for C compiler default output file name
configure:3471: result: a.out
configure:3477: checking for suffix of executables
configure:3484: gcc -o conftest    conftest.c  >&5
configure:3488: $? = 0
configure:3510: result: 
configure:3532: checking whether we are cross compiling
configure:3540: gcc -o conftest    conftest.c  >&5
configure:3544: $? = 0
configure:3551: ./conftest
configure:3555: $? = 0
configure:3570: result: no
configure:3575: checking for suffix of object files
configure:3597: gcc -c   conftest.c >&5
configure:3601: $? = 0
configure:3622: result: o
configure:3626: checking whether we are using the GNU C compiler
configure:3645: gcc -c   conftest.c >&5
configure:3645: $? = 0
configure:3654: result: yes
configure:3663: checking whether gcc accepts -g
configure:3683: gcc -c -g  conftest.c >&5
configure:3683: $? = 0
configure:3724: result: yes
configure:3741: checking for gcc option to accept ISO C89
configure:3804: gcc  -c -g -O2  conftest.c >&5
configure:3804: $? = 0
configure:3817: result: none needed
configure:3842: checking whether gcc understands -c and -o together
configure:3864: gcc -c conftest.c -o conftest2.o
configure:3867: $? = 0
configure:3864: gcc -c conftest.c -o conftest2.o
configure:3867: $? = 0
configure:3879: result: yes
configure:3898: checking dependency style of gcc
configure:4009: result: gcc3
configure:4024: checking for a sed that does not truncate output
configure:4088: result: /bin/sed
configure:4106: checking for grep that handles long lines and -e
configure:4164: result: /bin/grep
configure:4169: checking for egrep
configure:4231: result: /bin/grep -E
configure:4236: checking for fgrep
configure:4298: result: /bin/grep -F
configure:4333: checking for ld used by gcc
configure:4400: result: /usr/bin/ld
configure:4407: checking if the linker (/usr/bin/ld) is GNU ld
configure:4422: result: yes
configure:4434: checking for BSD- or MS-compatible name lister (nm)
configure:4483: result: /usr/bin/nm -B
configure:4613: checking the name lister (/usr/bin/nm -B) interface
configure:4620: gcc -c -g -O2  conftest.c >&5
configure:4623: /usr/bin/nm -B "conftest.o"
configure:4626: output
0000000000000000 B some_variable
configure:4633: result: BSD nm
configure:4636: checking whether ln -s works
configure:4640: result: yes
configure:4648: checking the maximum length of command line arguments
configure:4779: result: 1572864
configure:4796: checking whether the shell understands some XSI constructs
configure:4806: result: yes
configure:4810: checking whether the shell understands "+="
configure:4816: result: yes
configure:4851: checking how to convert x86_64-pc-linux-gnu file names to x86_64-pc-linux-gnu format
configure:4891: result: func_convert_file_noop
configure:4898: checking how to convert x86_64-pc-linux-gnu file names to toolchain format
configure:4918: result: func_convert_file_noop
configure:4925: checking for /usr/bin/ld option to reload object files
configure:4932: result: -r
configure:5006: checking for objdump
configure:5022: found /usr/bin/objdump
configure:5033: result: objdump
configure:5065: checking how to recognize dependent libraries
configure:5263: result: pass_all
configure:5348: checking for dlltool
configure:5378: result: no
configure:5408: checking how to associate runtime and link libraries
configure:5435: result: printf %s\n
configure:5496: checking for ar
configure:5512: found /usr/bin/ar
configure:5523: result: ar
configure:5560: checking for archiver @FILE support
configure:5577: gcc -c -g -O2  conftest.c >&5
configure:5577: $? = 0
configure:5580: ar cru libconftest.a @conftest.lst >&5
configure:5583: $? = 0
configure:5588: ar cru libconftest.a @conftest.lst >&5
ar: conftest.o: No such file or directory
configure:5591: $? = 1
configure:5603: result: @
configure:5661: checking for strip
configure:5677: found /usr/bin/strip
configure:5688: result: strip
configure:5760: checking for ranlib
configure:5776: found /usr/bin/ranlib
configure:5787: result: ranlib
configure:5889: checking command to parse /usr/bin/nm -B output from gcc object
configure:6009: gcc -c -g -O2  conftest.c >&5
configure:6012: $? = 0
configure:6016: /usr/bin/nm -B conftest.o \| sed -n -e 's/^.*[ ]\([ABCDGIRSTW][ABCDGIRSTW]*\)[ ][ ]*\([_A-Za-z][_A-Za-z0-9]*\)$/\1 \2 \2/p' | sed '/ __gnu_lto/d' \> conftest.nm
configure:6019: $? = 0
configure:6085: gcc -o conftest -g -O2   conftest.c conftstm.o >&5
configure:6088: $? = 0
configure:6126: result: ok
configure:6163: checking for sysroot
configure:6193: result: no
configure:6270: gcc -c -g -O2  conftest.c >&5
configure:6273: $? = 0
configure:6462: checking for mt
configure:6478: found /bin/mt
configure:6489: result: mt
configure:6512: checking if mt is a manifest tool
configure:6518: mt '-?'
configure:6526: result: no
configure:7168: checking how to run the C preprocessor
configure:7199: gcc -E  conftest.c
configure:7199: $? = 0
configure:7213: gcc -E  conftest.c
conftest.c:11:28: fatal error: ac_nonexistent.h: No such file or directory
 #include <ac_nonexistent.h>
                            ^
compilation terminated.
configure:7213: $? = 1
configure: failed program was:
| /* confdefs.h */
| #define PACKAGE_NAME "MadLib"
| #define PACKAGE_TARNAME "madlib"
| #define PACKAGE_VERSION "version-0.1"
| #define PACKAGE_STRING "MadLib version-0.1"
| #define PACKAGE_BUGREPORT "aaronryool@gmail.com"
| #define PACKAGE_URL ""
| #define PACKAGE "pippo"
| #define VERSION "2.6"
| /* end confdefs.h.  */
| #include <ac_nonexistent.h>
configure:7238: result: gcc -E
configure:7258: gcc -E  conftest.c
configure:7258: $? = 0
configure:7272: gcc -E  conftest.c
conftest.c:11:28: fatal error: ac_nonexistent.h: No such file or directory
 #include <ac_nonexistent.h>
                            ^
compilation terminated.
configure:7272: $? = 1
configure: failed program was:
| /* confdefs.h */
| #define PACKAGE_NAME "MadLib"
| #define PACKAGE_TARNAME "madlib"
| #define PACKAGE_VERSION "version-0.1"
| #define PACKAGE_STRING "MadLib version-0.1"
| #define PACKAGE_BUGREPORT "aaronryool@gmail.com"
| #define PACKAGE_URL ""
| #define PACKAGE "pippo"
| #define VERSION "2.6"
| /* end confdefs.h.  */
| #include <ac_nonexistent.h>
configure:7301: checking for ANSI C header files
configure:7321: gcc -c -g -O2  conftest.c >&5
configure:7321: $? = 0
configure:7394: gcc -o conftest -g -O2   conftest.c  >&5
configure:7394: $? = 0
configure:7394: ./conftest
configure:7394: $? = 0
configure:7405: result: yes
configure:7418: checking for sys/types.h
configure:7418: gcc -c -g -O2  conftest.c >&5
configure:7418: $? = 0
configure:7418: result: yes
configure:7418: checking for sys/stat.h
configure:7418: gcc -c -g -O2  conftest.c >&5
configure:7418: $? = 0
configure:7418: result: yes
configure:7418: checking for stdlib.h
configure:7418: gcc -c -g -O2  conftest.c >&5
configure:7418: $? = 0
configure:7418: result: yes
configure:7418: checking for string.h
configure:7418: gcc -c -g -O2  conftest.c >&5
configure:7418: $? = 0
configure:7418: result: yes
configure:7418: checking for memory.h
configure:7418: gcc -c -g -O2  conftest.c >&5
configure:7418: $? = 0
configure:7418: result: yes
configure:7418: checking for strings.h
configure:7418: gcc -c -g -O2  conftest.c >&5
configure:7418: $? = 0
configure:7418: result: yes
configure:7418: checking for inttypes.h
configure:7418: gcc -c -g -O2  conftest.c >&5
configure:7418: $? = 0
configure:7418: result: yes
configure:7418: checking for stdint.h
configure:7418: gcc -c -g -O2  conftest.c >&5
configure:7418: $? = 0
configure:7418: result: yes
configure:7418: checking for unistd.h
configure:7418: gcc -c -g -O2  conftest.c >&5
configure:7418: $? = 0
configure:7418: result: yes
configure:7432: checking for dlfcn.h
configure:7432: gcc -c -g -O2  conftest.c >&5
configure:7432: $? = 0
configure:7432: result: yes
configure:7637: checking for objdir
configure:7652: result: .libs
configure:7919: checking if gcc supports -fno-rtti -fno-exceptions
configure:7937: gcc -c -g -O2  -fno-rtti -fno-exceptions conftest.c >&5
cc1: warning: command line option '-fno-rtti' is valid for C++/ObjC++ but not for C
configure:7941: $? = 0
configure:7954: result: no
configure:8281: checking for gcc option to produce PIC
configure:8288: result: -fPIC -DPIC
configure:8296: checking if gcc PIC flag -fPIC -DPIC works
configure:8314: gcc -c -g -O2  -fPIC -DPIC -DPIC conftest.c >&5
configure:8318: $? = 0
configure:8331: result: yes
configure:8360: checking if gcc static flag -static works
configure:8388: result: yes
configure:8403: checking if gcc supports -c -o file.o
configure:8424: gcc -c -g -O2  -o out/conftest2.o conftest.c >&5
configure:8428: $? = 0
configure:8450: result: yes
configure:8458: checking if gcc supports -c -o file.o
configure:8505: result: yes
configure:8538: checking whether the gcc linker (/usr/bin/ld -m elf_x86_64) supports shared libraries
configure:9695: result: yes
configure:9732: checking whether -lc should be explicitly linked in
configure:9740: gcc -c -g -O2  conftest.c >&5
configure:9743: $? = 0
configure:9758: gcc -shared  -fPIC -DPIC conftest.o  -v -Wl,-soname -Wl,conftest -o conftest 2\>\&1 \| /bin/grep  -lc  \>/dev/null 2\>\&1
configure:9761: $? = 0
configure:9775: result: no
configure:9935: checking dynamic linker characteristics
configure:10435: gcc -o conftest -g -O2   -Wl,-rpath -Wl,/foo conftest.c  >&5
configure:10435: $? = 0
configure:10669: result: GNU/Linux ld.so
configure:10776: checking how to hardcode library paths into programs
configure:10801: result: immediate
configure:11341: checking whether stripping libraries is possible
configure:11346: result: yes
configure:11381: checking if libtool supports shared libraries
configure:11383: result: yes
configure:11386: checking whether to build shared libraries
configure:11407: result: yes
configure:11410: checking whether to build static libraries
configure:11414: result: yes
configure:11480: checking target system type
configure:11493: result: x86_64-pc-linux-gnu
configure:11575: checking for gcc
configure:11602: result: gcc
configure:11831: checking for C compiler version
configure:11840: gcc --version >&5
gcc (Debian 4.9.2-10) 4.9.2
Copyright (C) 2014 Free Software Foundation, Inc.
This is free software; see the source for copying conditions.  There is NO
warranty; not even for MERCHANTABILITY or FITNESS FOR A PARTICULAR PURPOSE.

configure:11851: $? = 0
configure:11840: gcc -v >&5
Using built-in specs.
COLLECT_GCC=gcc
COLLECT_LTO_WRAPPER=/usr/lib/gcc/x86_64-linux-gnu/4.9/lto-wrapper
Target: x86_64-linux-gnu
Configured with: ../src/configure -v --with-pkgversion='Debian 4.9.2-10' --with-bugurl=file:///usr/share/doc/gcc-4.9/README.Bugs --enable-languages=c,c++,java,go,d,fortran,objc,obj-c++ --prefix=/usr --program-suffix=-4.9 --enable-shared --enable-linker-build-id --libexecdir=/usr/lib --without-included-gettext --enable-threads=posix --with-gxx-include-dir=/usr/include/c++/4.9 --libdir=/usr/lib --enable-nls --with-sysroot=/ --enable-clocale=gnu --enable-libstdcxx-debug --enable-libstdcxx-time=yes --enable-gnu-unique-object --disable-vtable-verify --enable-plugin --with-system-zlib --disable-browser-plugin --enable-java-awt=gtk --enable-gtk-cairo --with-java-home=/usr/lib/jvm/java-1.5.0-gcj-4.9-amd64/jre --enable-java-home --with-jvm-root-dir=/usr/lib/jvm/java-1.5.0-gcj-4.9-amd64 --with-jvm-jar-dir=/usr/lib/jvm-exports/java-1.5.0-gcj-4.9-amd64 --with-arch-directory=amd64 --with-ecj-jar=/usr/share/java/eclipse-ecj.jar --enable-objc-gc --enable-multiarch --with-arch-32=i586 --with-abi=m64 --with-multilib-list=m32,m64,mx32 --enable-multilib --with-tune=generic --enable-checking=release --build=x86_64-linux-gnu --host=x86_64-linux-gnu --target=x86_64-linux-gnu
Thread model: posix
gcc version 4.9.2 (Debian 4.9.2-10) 
configure:11851: $? = 0
configure:11840: gcc -V >&5
gcc: error: unrecognized command line option '-V'
gcc: fatal error: no input files
compilation terminated.
configure:11851: $? = 4
configure:11840: gcc -qversion >&5
gcc: error: unrecognized command line option '-qversion'
gcc: fatal error: no input files
compilation terminated.
configure:11851: $? = 4
configure:11855: checking whether we are using the GNU C compiler
configure:11883: result: yes
configure:11892: checking whether gcc accepts -g
configure:11953: result: yes
configure:11970: checking for gcc option to accept ISO C89
configure:12046: result: none needed
configure:12071: checking whether gcc understands -c and -o together
configure:12108: result: yes
configure:12127: checking dependency style of gcc
configure:12238: result: gcc3
configure:12264: checking limits.h usability
configure:12264: gcc -c -g -O2  conftest.c >&5
configure:12264: $? = 0
configure:12264: result: yes
configure:12264: checking limits.h presence
configure:12264: gcc -E  conftest.c
configure:12264: $? = 0
configure:12264: result: yes
configure:12264: checking for limits.h
configure:12264: result: yes
configure:12264: checking elf.h usability
configure:12264: gcc -c -g -O2  conftest.c >&5
configure:12264: $? = 0
configure:12264: result: yes
configure:12264: checking elf.h presence
configure:12264: gcc -E  conftest.c
configure:12264: $? = 0
configure:12264: result: yes
configure:12264: checking for elf.h
configure:12264: result: yes
configure:12264: checking for unistd.h
configure:12264: result: yes
configure:12319: checking for ranlib
configure:12346: result: ranlib
configure:12479: checking that generated files are newer than configure
configure:12485: result: done
configure:12512: creating ./config.status

## ---------------------- ##
## Running config.status. ##
## ---------------------- ##

This file was extended by MadLib config.status version-0.1, which was
generated by GNU Autoconf 2.69.  Invocation command line was

  CONFIG_FILES    = 
  CONFIG_HEADERS  = 
  CONFIG_LINKS    = 
  CONFIG_COMMANDS = 
  $ ./config.status 

on malware

config.status:1091: creating Makefile
config.status:1091: creating src/Makefile
config.status:1091: creating include/Makefile
config.status:1091: creating doc/Makefile
config.status:1091: creating examples/Makefile
config.status:1091: creating config.h
config.status:1272: config.h is unchanged
config.status:1320: executing depfiles commands
config.status:1320: executing libtool commands

## ---------------- ##
## Cache variables. ##
## ---------------- ##

ac_cv_build=x86_64-pc-linux-gnu
ac_cv_c_compiler_gnu=yes
ac_cv_env_CC_set=
ac_cv_env_CC_value=
ac_cv_env_CFLAGS_set=
ac_cv_env_CFLAGS_value=
ac_cv_env_CPPFLAGS_set=
ac_cv_env_CPPFLAGS_value=
ac_cv_env_CPP_set=
ac_cv_env_CPP_value=
ac_cv_env_LDFLAGS_set=
ac_cv_env_LDFLAGS_value=
ac_cv_env_LIBS_set=
ac_cv_env_LIBS_value=
ac_cv_env_build_alias_set=
ac_cv_env_build_alias_value=
ac_cv_env_host_alias_set=
ac_cv_env_host_alias_value=
ac_cv_env_target_alias_set=
ac_cv_env_target_alias_value=
ac_cv_header_dlfcn_h=yes
ac_cv_header_elf_h=yes
ac_cv_header_inttypes_h=yes
ac_cv_header_limits_h=yes
ac_cv_header_memory_h=yes
ac_cv_header_stdc=yes
ac_cv_header_stdint_h=yes
ac_cv_header_stdlib_h=yes
ac_cv_header_string_h=yes
ac_cv_header_strings_h=yes
ac_cv_header_sys_stat_h=yes
ac_cv_header_sys_types_h=yes
ac_cv_header_unistd_h=yes
ac_cv_host=x86_64-pc-linux-gnu
ac_cv_objext=o
ac_cv_path_EGREP='/bin/grep -E'
ac_cv_path_FGREP='/bin/grep -F'
ac_cv_path_GREP=/bin/grep
ac_cv_path_SED=/bin/sed
ac_cv_path_install='/usr/bin/install -c'
ac_cv_path_mkdir=/bin/mkdir
ac_cv_prog_AWK=mawk
ac_cv_prog_CPP='gcc -E'
ac_cv_prog_ac_ct_AR=ar
ac_cv_prog_ac_ct_CC=gcc
ac_cv_prog_ac_ct_MANIFEST_TOOL=mt
ac_cv_prog_ac_ct_OBJDUMP=objdump
ac_cv_prog_ac_ct_RANLIB=ranlib
ac_cv_prog_ac_ct_STRIP=strip
ac_cv_prog_cc_c89=
ac_cv_prog_cc_g=yes
ac_cv_prog_make_make_set=yes
ac_cv_target=x86_64-pc-linux-gnu
am_cv_CC_dependencies_compiler_type=gcc3
am_cv_make_support_nested_variables=yes
am_cv_prog_cc_c_o=yes
lt_cv_ar_at_file=@
lt_cv_archive_cmds_need_lc=no
lt_cv_deplibs_check_method=pass_all
lt_cv_file_magic_cmd='$MAGIC_CMD'
lt_cv_file_magic_test_file=
lt_cv_ld_reload_flag=-r
lt_cv_nm_interface='BSD nm'
lt_cv_objdir=.libs
lt_cv_path_LD=/usr/bin/ld
lt_cv_path_NM='/usr/bin/nm -B'
lt_cv_path_mainfest_tool=no
lt_cv_prog_compiler_c_o=yes
lt_cv_prog_compiler_pic='-fPIC -DPIC'
lt_cv_prog_compiler_pic_works=yes
lt_cv_prog_compiler_rtti_exceptions=no
lt_cv_prog_compiler_static_works=yes
lt_cv_prog_gnu_ld=yes
lt_cv_sharedlib_from_linklib_cmd='printf %s\n'
lt_cv_shlibpath_overrides_runpath=no
lt_cv_sys_global_symbol_pipe='sed -n -e '\''s/^.*[	 ]\([ABCDGIRSTW][ABCDGIRSTW]*\)[	 ][	 ]*\([_A-Za-z][_A-Za-z0-9]*\)$/\1 \2 \2/p'\'' | sed '\''/ __gnu_lto/d'\'''
lt_cv_sys_global_symbol_to_c_name_address='sed -n -e '\''s/^: \([^ ]*\)[ ]*$/  {\"\1\", (void *) 0},/p'\'' -e '\''s/^[ABCDGIRSTW]* \([^ ]*\) \([^ ]*\)$/  {"\2", (void *) \&\2},/p'\'''
lt_cv_sys_global_symbol_to_c_name_address_lib_prefix='sed -n -e '\''s/^: \([^ ]*\)[ ]*$/  {\"\1\", (void *) 0},/p'\'' -e '\''s/^[ABCDGIRSTW]* \([^ ]*\) \(lib[^ ]*\)$/  {"\2", (void *) \&\2},/p'\'' -e '\''s/^[ABCDGIRSTW]* \([^ ]*\) \([^ ]*\)$/  {"lib\2", (void *) \&\2},/p'\'''
lt_cv_sys_global_symbol_to_cdecl='sed -n -e '\''s/^T .* \(.*\)$/extern int \1();/p'\'' -e '\''s/^[ABCDGIRSTW]* .* \(.*\)$/extern char \1;/p'\'''
lt_cv_sys_max_cmd_len=1572864
lt_cv_to_host_file_cmd=func_convert_file_noop
lt_cv_to_tool_file_cmd=func_convert_file_noop

## ----------------- ##
## Output variables. ##
## ----------------- ##

ACLOCAL='${SHELL} /home/madmouse/Desktop/Projects/libc/missing aclocal-1.14'
AMDEPBACKSLASH='\'
AMDEP_FALSE='#'
AMDEP_TRUE=''
AMTAR='$${TAR-tar}'
AM_BACKSLASH='\'
AM_DEFAULT_V='$(AM_DEFAULT_VERBOSITY)'
AM_DEFAULT_VERBOSITY='1'
AM_V='$(V)'
AR='ar'
AUTOCONF='${SHELL} /home/madmouse/Desktop/Projects/libc/missing autoconf'
AUTOHEADER='${SHELL} /home/madmouse/Desktop/Projects/libc/missing autoheader'
AUTOMAKE='${SHELL} /home/madmouse/Desktop/Projects/libc/missing automake-1.14'
AWK='mawk'
CC='gcc'
CCDEPMODE='depmode=gcc3'
CFLAGS='-g -O2'
CPP='gcc -E'
CPPFLAGS=''
CYGPATH_W='echo'
DEFS='-DHAVE_CONFIG_H'
DEPDIR='.deps'
DLLTOOL='false'
DSYMUTIL=''
DUMPBIN=''
ECHO_C=''
ECHO_N='-n'
ECHO_T=''
EGREP='/bin/grep -E'
EXEEXT=''
FGREP='/bin/grep -F'
GREP='/bin/grep'
INSTALL_DATA='${INSTALL} -m 644'
INSTALL_PROGRAM='${INSTALL}'
INSTALL_SCRIPT='${INSTALL}'
INSTALL_STRIP_PROGRAM='$(install_sh) -c -s'
LD='/usr/bin/ld -m elf_x86_64'
LDFLAGS=''
LIBOBJS=''
LIBS=''
LIBTOOL='$(SHELL) $(top_builddir)/libtool'
LIPO=''
LN_S='ln -s'
LTLIBOBJS=''
MAKEINFO='${SHELL} /home/madmouse/Desktop/Projects/libc/missing makeinfo'
MANIFEST_TOOL=':'
MKDIR_P='/bin/mkdir -p'
NM='/usr/bin/nm -B'
NMEDIT=''
OBJDUMP='objdump'
OBJEXT='o'
OTOOL64=''
OTOOL=''
PACKAGE='pippo'
PACKAGE_BUGREPORT='aaronryool@gmail.com'
PACKAGE_NAME='MadLib'
PACKAGE_STRING='MadLib version-0.1'
PACKAGE_TARNAME='madlib'
PACKAGE_URL=''
PACKAGE_VERSION='version-0.1'
PATH_SEPARATOR=':'
RANLIB='ranlib'
SED='/bin/sed'
SET_MAKE=''
SHELL='/bin/bash'
STRIP='strip'
VERSION='2.6'
ac_ct_AR='ar'
ac_ct_CC='gcc'
ac_ct_DUMPBIN=''
am__EXEEXT_FALSE=''
am__EXEEXT_TRUE='#'
am__fastdepCC_FALSE='#'
am__fastdepCC_TRUE=''
am__include='include'
am__isrc=''
am__leading_dot='.'
am__nodep='_no'
am__quote=''
am__tar='$${TAR-tar} chof - "$$tardir"'
am__untar='$${TAR-tar} xf -'
bindir='${exec_prefix}/bin'
build='x86_64-pc-linux-gnu'
build_alias=''
build_cpu='x86_64'
build_os='linux-gnu'
build_vendor='pc'
datadir='${datarootdir}'
datarootdir='${prefix}/share'
docdir='${datarootdir}/doc/${PACKAGE_TARNAME}'
dvidir='${docdir}'
exec_prefix='${prefix}'
host='x86_64-pc-linux-gnu'
host_alias=''
host_cpu='x86_64'
host_os='linux-gnu'
host_vendor='pc'
htmldir='${docdir}'
includedir='${prefix}/include'
infodir='${datarootdir}/info'
install_sh='${SHELL} /home/madmouse/Desktop/Projects/libc/install-sh'
libdir='${exec_prefix}/lib'
libexecdir='${exec_prefix}/libexec'
localedir='${datarootdir}/locale'
localstatedir='${prefix}/var'
mandir='${datarootdir}/man'
mkdir_p='$(MKDIR_P)'
oldincludedir='/usr/include'
pdfdir='${docdir}'
prefix='/usr/local'
program_transform_name='s,x,x,'
psdir='${docdir}'
sbindir='${exec_prefix}/sbin'
sharedstatedir='${prefix}/com'
sysconfdir='${prefix}/etc'
target='x86_64-pc-linux-gnu'
target_alias=''
target_cpu='x86_64'
target_os='linux-gnu'
target_vendor='pc'

## ----------- ##
## confdefs.h. ##
## ----------- ##

/* confdefs.h */
#define PACKAGE_NAME "MadLib"
#define PACKAGE_TARNAME "madlib"
#define PACKAGE_VERSION "version-0.1"
#define PACKAGE_STRING "MadLib version-0.1"
#define PACKAGE_BUGREPORT "aaronryool@gmail.com"
#define PACKAGE_URL ""
#define PACKAGE "pippo"
#define VERSION "2.6"
#define STDC_HEADERS 1
#define HAVE_SYS_TYPES_H 1
#define HAVE_SYS_STAT_H 1
#define HAVE_STDLIB_H 1
#define HAVE_STRING_H 1
#define HAVE_MEMORY_H 1
#define HAVE_STRINGS_H 1
#define HAVE_INTTYPES_H 1
#define HAVE_STDINT_H 1
#define HAVE_UNISTD_H 1
#define HAVE_DLFCN_H 1
#define LT_OBJDIR ".libs/"
#define HAVE_LIMITS_H 1
#define HAVE_ELF_H 1
#define HAVE_UNISTD_H 1

configure: exit 0

## ---------------------- ##
## Running config.status. ##
## ---------------------- ##

This file was extended by MadLib config.status version-0.1, which was
generated by GNU Autoconf 2.69.  Invocation command line was

  CONFIG_FILES    = 
  CONFIG_HEADERS  = 
  CONFIG_LINKS    = 
  CONFIG_COMMANDS = 
  $ ./config.status src/Makefile depfiles

on malware

config.status:1091: creating src/Makefile
config.status:1320: executing depfiles commands
